<?xml version="1.0" encoding="UTF-8"?>
<testsuite xmlns:xsi="http://www.w3.org/2001/XMLSchema-instance" xsi:noNamespaceSchemaLocation="https://maven.apache.org/surefire/maven-surefire-plugin/xsd/surefire-test-report.xsd" name="fr.bikach.ouiscnf.xspeedIt.BoxCounterTest" time="0.075" tests="9" errors="0" skipped="0" failures="0">
  <properties>
[...]
</properties>
  <testcase name="shouldReturnOneBoxWhenTheTotalSizeArticlesIsSmallerThanMediumSize" classname="fr.bikach.ouiscnf.xspeedIt.BoxCounterTest$MoreThreeArticles" time="0.018"/>
  <testcase name="shouldReturnOneBoxWhenTheTotalSizeArticlesIsSmallerThanMediumSize" classname="fr.bikach.ouiscnf.xspeedIt.BoxCounterTest$TwoArticles" time="0.006"/>
  <testcase name="shouldReturnThreeBoxesWhenTheTotalSizeOfTwoLotsOfArticlesIsGreaterThanMediumSize" classname="fr.bikach.ouiscnf.xspeedIt.BoxCounterTest$MoreThreeArticles" time="0.001"/>
  <testcase name="shouldReturnTwoBoxesWhenTheTotalSizeOfALotOfArticlesIsGreaterThanMediumSize" classname="fr.bikach.ouiscnf.xspeedIt.BoxCounterTest$MoreThreeArticles" time="0.003"/>
  <testcase name="shouldReturnFourBoxes" classname="fr.bikach.ouiscnf.xspeedIt.BoxCounterTest$MoreThreeArticles" time="0.001"/>
  <testcase name="shouldReturnTheSameNumberOfBoxesAsTheExample" classname="fr.bikach.ouiscnf.xspeedIt.BoxCounterTest$MoreThreeArticles" time="0.001"/>
  <testcase name="shouldReturnTwoBoxWhenTheTotalSizeArticlesIsGreaterThanMediumSize" classname="fr.bikach.ouiscnf.xspeedIt.BoxCounterTest$TwoArticles" time="0.003"/>
  <testcase name="shouldReturnOneBoxWhenTheSizeArticleIsSmallerThanMediumSize" classname="fr.bikach.ouiscnf.xspeedIt.BoxCounterTest$OnlyOneArticle" time="0"/>
  <testcase name="shouldReturnOneBoxWhenTheSizeArticleIsGreaterThanMediumSize" classname="fr.bikach.ouiscnf.xspeedIt.BoxCounterTest$OnlyOneArticle" time="0.002"/>
</testsuite>